node:internal/bootstrap/switches/does_own_process_state:142
    cachedCwd = rawMethods.cwd();
                           ^

Error: EPERM: operation not permitted, uv_cwd
    at process.wrappedCwd [as cwd] (node:internal/bootstrap/switches/does_own_process_state:142:28)
    at node:path:1171:24
    at Object.resolve (node:path:1199:19)
    at resolveMainPath (node:internal/modules/run_main:39:38)
    at Function.executeUserEntryPoint [as runMain] (node:internal/modules/run_main:162:20)
    at node:internal/main/run_main_module:36:49 {
  errno: -1,
  code: 'EPERM',
  syscall: 'uv_cwd'
}

Node.js v22.14.0
node:internal/bootstrap/switches/does_own_process_state:142
    cachedCwd = rawMethods.cwd();
                           ^

Error: EPERM: operation not permitted, uv_cwd
    at process.wrappedCwd [as cwd] (node:internal/bootstrap/switches/does_own_process_state:142:28)
    at node:path:1171:24
    at Object.resolve (node:path:1199:19)
    at resolveMainPath (node:internal/modules/run_main:39:38)
    at Function.executeUserEntryPoint [as runMain] (node:internal/modules/run_main:162:20)
    at node:internal/main/run_main_module:36:49 {
  errno: -1,
  code: 'EPERM',
  syscall: 'uv_cwd'
}

Node.js v22.14.0
node:internal/bootstrap/switches/does_own_process_state:142
    cachedCwd = rawMethods.cwd();
                           ^

Error: EPERM: operation not permitted, uv_cwd
    at process.wrappedCwd [as cwd] (node:internal/bootstrap/switches/does_own_process_state:142:28)
    at node:path:1171:24
    at Object.resolve (node:path:1199:19)
    at resolveMainPath (node:internal/modules/run_main:39:38)
    at Function.executeUserEntryPoint [as runMain] (node:internal/modules/run_main:162:20)
    at node:internal/main/run_main_module:36:49 {
  errno: -1,
  code: 'EPERM',
  syscall: 'uv_cwd'
}

Node.js v22.14.0
node:internal/bootstrap/switches/does_own_process_state:142
    cachedCwd = rawMethods.cwd();
                           ^

Error: EPERM: operation not permitted, uv_cwd
    at process.wrappedCwd [as cwd] (node:internal/bootstrap/switches/does_own_process_state:142:28)
    at node:path:1171:24
    at Object.resolve (node:path:1199:19)
    at resolveMainPath (node:internal/modules/run_main:39:38)
    at Function.executeUserEntryPoint [as runMain] (node:internal/modules/run_main:162:20)
    at node:internal/main/run_main_module:36:49 {
  errno: -1,
  code: 'EPERM',
  syscall: 'uv_cwd'
}

Node.js v22.14.0
node:internal/bootstrap/switches/does_own_process_state:142
    cachedCwd = rawMethods.cwd();
                           ^

Error: EPERM: operation not permitted, uv_cwd
    at process.wrappedCwd [as cwd] (node:internal/bootstrap/switches/does_own_process_state:142:28)
    at node:path:1171:24
    at Object.resolve (node:path:1199:19)
    at resolveMainPath (node:internal/modules/run_main:39:38)
    at Function.executeUserEntryPoint [as runMain] (node:internal/modules/run_main:162:20)
    at node:internal/main/run_main_module:36:49 {
  errno: -1,
  code: 'EPERM',
  syscall: 'uv_cwd'
}

Node.js v22.14.0
node:internal/bootstrap/switches/does_own_process_state:142
    cachedCwd = rawMethods.cwd();
                           ^

Error: EPERM: operation not permitted, uv_cwd
    at process.wrappedCwd [as cwd] (node:internal/bootstrap/switches/does_own_process_state:142:28)
    at node:path:1171:24
    at Object.resolve (node:path:1199:19)
    at resolveMainPath (node:internal/modules/run_main:39:38)
    at Function.executeUserEntryPoint [as runMain] (node:internal/modules/run_main:162:20)
    at node:internal/main/run_main_module:36:49 {
  errno: -1,
  code: 'EPERM',
  syscall: 'uv_cwd'
}

Node.js v22.14.0
node:fs:442
    return binding.readFileUtf8(path, stringToFlags(options.flag));
                   ^

Error: EPERM: operation not permitted, open '/Users/brad/Documents/farm-job/fetchRainfall.js'
    at Object.readFileSync (node:fs:442:20)
    at loadSource (node:internal/modules/cjs/loader:1581:17)
    at Object..js (node:internal/modules/cjs/loader:1700:44)
    at Module.load (node:internal/modules/cjs/loader:1289:32)
    at Function._load (node:internal/modules/cjs/loader:1108:12)
    at TracingChannel.traceSync (node:diagnostics_channel:322:14)
    at wrapModuleLoad (node:internal/modules/cjs/loader:220:24)
    at Function.executeUserEntryPoint [as runMain] (node:internal/modules/run_main:170:5)
    at node:internal/main/run_main_module:36:49 {
  errno: -1,
  code: 'EPERM',
  syscall: 'open',
  path: '/Users/brad/Documents/farm-job/fetchRainfall.js'
}

Node.js v22.14.0
node:fs:442
    return binding.readFileUtf8(path, stringToFlags(options.flag));
                   ^

Error: EPERM: operation not permitted, open '/Users/brad/Documents/farm-job/fetchRainfall.js'
    at Object.readFileSync (node:fs:442:20)
    at loadSource (node:internal/modules/cjs/loader:1581:17)
    at Object..js (node:internal/modules/cjs/loader:1700:44)
    at Module.load (node:internal/modules/cjs/loader:1289:32)
    at Function._load (node:internal/modules/cjs/loader:1108:12)
    at TracingChannel.traceSync (node:diagnostics_channel:322:14)
    at wrapModuleLoad (node:internal/modules/cjs/loader:220:24)
    at Function.executeUserEntryPoint [as runMain] (node:internal/modules/run_main:170:5)
    at node:internal/main/run_main_module:36:49 {
  errno: -1,
  code: 'EPERM',
  syscall: 'open',
  path: '/Users/brad/Documents/farm-job/fetchRainfall.js'
}

Node.js v22.14.0
node:fs:442
    return binding.readFileUtf8(path, stringToFlags(options.flag));
                   ^

Error: EPERM: operation not permitted, open '/Users/brad/Documents/farm-job/fetchRainfall.js'
    at Object.readFileSync (node:fs:442:20)
    at loadSource (node:internal/modules/cjs/loader:1581:17)
    at Object..js (node:internal/modules/cjs/loader:1700:44)
    at Module.load (node:internal/modules/cjs/loader:1289:32)
    at Function._load (node:internal/modules/cjs/loader:1108:12)
    at TracingChannel.traceSync (node:diagnostics_channel:322:14)
    at wrapModuleLoad (node:internal/modules/cjs/loader:220:24)
    at Function.executeUserEntryPoint [as runMain] (node:internal/modules/run_main:170:5)
    at node:internal/main/run_main_module:36:49 {
  errno: -1,
  code: 'EPERM',
  syscall: 'open',
  path: '/Users/brad/Documents/farm-job/fetchRainfall.js'
}

Node.js v22.14.0
node:fs:442
    return binding.readFileUtf8(path, stringToFlags(options.flag));
                   ^

Error: EPERM: operation not permitted, open '/Users/brad/Documents/farm-job/fetchRainfall.js'
    at Object.readFileSync (node:fs:442:20)
    at loadSource (node:internal/modules/cjs/loader:1581:17)
    at Object..js (node:internal/modules/cjs/loader:1700:44)
    at Module.load (node:internal/modules/cjs/loader:1289:32)
    at Function._load (node:internal/modules/cjs/loader:1108:12)
    at TracingChannel.traceSync (node:diagnostics_channel:322:14)
    at wrapModuleLoad (node:internal/modules/cjs/loader:220:24)
    at Function.executeUserEntryPoint [as runMain] (node:internal/modules/run_main:170:5)
    at node:internal/main/run_main_module:36:49 {
  errno: -1,
  code: 'EPERM',
  syscall: 'open',
  path: '/Users/brad/Documents/farm-job/fetchRainfall.js'
}

Node.js v22.14.0
node:fs:442
    return binding.readFileUtf8(path, stringToFlags(options.flag));
                   ^

Error: EPERM: operation not permitted, open '/Users/brad/Documents/farm-job/fetchRainfall.js'
    at Object.readFileSync (node:fs:442:20)
    at loadSource (node:internal/modules/cjs/loader:1581:17)
    at Object..js (node:internal/modules/cjs/loader:1700:44)
    at Module.load (node:internal/modules/cjs/loader:1289:32)
    at Function._load (node:internal/modules/cjs/loader:1108:12)
    at TracingChannel.traceSync (node:diagnostics_channel:322:14)
    at wrapModuleLoad (node:internal/modules/cjs/loader:220:24)
    at Function.executeUserEntryPoint [as runMain] (node:internal/modules/run_main:170:5)
    at node:internal/main/run_main_module:36:49 {
  errno: -1,
  code: 'EPERM',
  syscall: 'open',
  path: '/Users/brad/Documents/farm-job/fetchRainfall.js'
}

Node.js v22.14.0
node:fs:442
    return binding.readFileUtf8(path, stringToFlags(options.flag));
                   ^

Error: EPERM: operation not permitted, open '/Users/brad/Documents/farm-job/fetchRainfall.js'
    at Object.readFileSync (node:fs:442:20)
    at loadSource (node:internal/modules/cjs/loader:1581:17)
    at Object..js (node:internal/modules/cjs/loader:1700:44)
    at Module.load (node:internal/modules/cjs/loader:1289:32)
    at Function._load (node:internal/modules/cjs/loader:1108:12)
    at TracingChannel.traceSync (node:diagnostics_channel:322:14)
    at wrapModuleLoad (node:internal/modules/cjs/loader:220:24)
    at Function.executeUserEntryPoint [as runMain] (node:internal/modules/run_main:170:5)
    at node:internal/main/run_main_module:36:49 {
  errno: -1,
  code: 'EPERM',
  syscall: 'open',
  path: '/Users/brad/Documents/farm-job/fetchRainfall.js'
}

Node.js v22.14.0
node:fs:442
    return binding.readFileUtf8(path, stringToFlags(options.flag));
                   ^

Error: EPERM: operation not permitted, open '/Users/brad/Documents/farm-job/fetchRainfall.js'
    at Object.readFileSync (node:fs:442:20)
    at loadSource (node:internal/modules/cjs/loader:1581:17)
    at Object..js (node:internal/modules/cjs/loader:1700:44)
    at Module.load (node:internal/modules/cjs/loader:1289:32)
    at Function._load (node:internal/modules/cjs/loader:1108:12)
    at TracingChannel.traceSync (node:diagnostics_channel:322:14)
    at wrapModuleLoad (node:internal/modules/cjs/loader:220:24)
    at Function.executeUserEntryPoint [as runMain] (node:internal/modules/run_main:170:5)
    at node:internal/main/run_main_module:36:49 {
  errno: -1,
  code: 'EPERM',
  syscall: 'open',
  path: '/Users/brad/Documents/farm-job/fetchRainfall.js'
}

Node.js v22.14.0
node:fs:442
    return binding.readFileUtf8(path, stringToFlags(options.flag));
                   ^

Error: EPERM: operation not permitted, open '/Users/brad/Documents/farm-job/fetchRainfall.js'
    at Object.readFileSync (node:fs:442:20)
    at loadSource (node:internal/modules/cjs/loader:1581:17)
    at Object..js (node:internal/modules/cjs/loader:1700:44)
    at Module.load (node:internal/modules/cjs/loader:1289:32)
    at Function._load (node:internal/modules/cjs/loader:1108:12)
    at TracingChannel.traceSync (node:diagnostics_channel:322:14)
    at wrapModuleLoad (node:internal/modules/cjs/loader:220:24)
    at Function.executeUserEntryPoint [as runMain] (node:internal/modules/run_main:170:5)
    at node:internal/main/run_main_module:36:49 {
  errno: -1,
  code: 'EPERM',
  syscall: 'open',
  path: '/Users/brad/Documents/farm-job/fetchRainfall.js'
}

Node.js v22.14.0
